<?xml version="1.0" encoding="UTF-8"?>
<testsuite xmlns:xsi="http://www.w3.org/2001/XMLSchema-instance" xsi:noNamespaceSchemaLocation="https://maven.apache.org/surefire/maven-surefire-plugin/xsd/surefire-test-report-3.0.xsd" version="3.0" name="com.dmartinez.customer.CustomerRepositoryTest" time="6.123" tests="4" errors="0" skipped="0" failures="0">
  <properties>
[...]
</properties>
  <testcase name="existsCustomerByEmailFailsWhenEmailNotPresent" classname="com.dmartinez.customer.CustomerRepositoryTest" time="0.131">
    <system-out><![CDATA[21:59:30.305 [main] INFO 🐳 [postgres:latest] -- Creating container for image: postgres:latest
21:59:30.372 [main] INFO 🐳 [postgres:latest] -- Container postgres:latest is starting: 768b7562f4b4320be6b7338ced7492c4b9802968164a21edf0b619589f16541e
21:59:32.096 [main] INFO 🐳 [postgres:latest] -- Container postgres:latest started in PT1.790658S
21:59:32.096 [main] INFO 🐳 [postgres:latest] -- Container is started (JDBC URL: jdbc:postgresql://localhost:52020/dmartinez-dao-unit-test?loggerLevel=OFF)
21:59:32.205 [main] INFO org.springframework.test.context.support.AnnotationConfigContextLoaderUtils -- Could not detect default configuration classes for test class [com.dmartinez.customer.CustomerRepositoryTest]: CustomerRepositoryTest does not declare any static, non-private, non-final, nested classes annotated with @Configuration.
21:59:32.403 [main] INFO org.springframework.boot.test.context.SpringBootTestContextBootstrapper -- Found @SpringBootConfiguration com.dmartinez.Main for test class com.dmartinez.customer.CustomerRepositoryTest
21:59:32.460 [main] INFO org.flywaydb.core.FlywayExecutor -- Database: jdbc:postgresql://localhost:52020/dmartinez-dao-unit-test (PostgreSQL 17.6)
21:59:32.476 [main] INFO org.flywaydb.core.internal.schemahistory.JdbcTableSchemaHistory -- Schema history table "public"."flyway_schema_history" does not exist yet
21:59:32.477 [main] INFO org.flywaydb.core.internal.command.DbValidate -- Successfully validated 2 migrations (execution time 00:00.005s)
21:59:32.490 [main] INFO org.flywaydb.core.internal.schemahistory.JdbcTableSchemaHistory -- Creating Schema History table "public"."flyway_schema_history" ...
21:59:32.524 [main] INFO org.flywaydb.core.internal.command.DbMigrate -- Current version of schema "public": << Empty Schema >>
21:59:32.529 [main] INFO org.flywaydb.core.internal.command.DbMigrate -- Migrating schema "public" to version "1 - Initial Setup"
21:59:32.549 [main] INFO org.flywaydb.core.internal.command.DbMigrate -- Migrating schema "public" to version "2 - Unique Email Rule"
21:59:32.562 [main] INFO org.flywaydb.core.internal.command.DbMigrate -- Successfully applied 2 migrations to schema "public", now at version v2 (execution time 00:00.012s)

  .   ____          _            __ _ _
 /\\ / ___'_ __ _ _(_)_ __  __ _ \ \ \ \
( ( )\___ | '_ | '_| | '_ \/ _` | \ \ \ \
 \\/  ___)| |_)| | | | | || (_| |  ) ) ) )
  '  |____| .__|_| |_|_| |_\__, | / / / /
 =========|_|==============|___/=/_/_/_/

 :: Spring Boot ::                (v3.3.4)

2026-03-04T21:59:33.052-06:00  INFO 9042 --- [           main] c.d.customer.CustomerRepositoryTest      : Starting CustomerRepositoryTest using Java 22.0.1 with PID 9042 (started by daniela in /Users/daniela/JavaPractive/spring-boot-demo)
2026-03-04T21:59:33.053-06:00  INFO 9042 --- [           main] c.d.customer.CustomerRepositoryTest      : No active profile set, falling back to 1 default profile: "default"
2026-03-04T21:59:33.418-06:00  INFO 9042 --- [           main] .s.d.r.c.RepositoryConfigurationDelegate : Multiple Spring Data modules found, entering strict repository configuration mode
2026-03-04T21:59:33.420-06:00  INFO 9042 --- [           main] .s.d.r.c.RepositoryConfigurationDelegate : Bootstrapping Spring Data JPA repositories in DEFAULT mode.
2026-03-04T21:59:33.635-06:00  INFO 9042 --- [           main] .s.d.r.c.RepositoryConfigurationDelegate : Finished Spring Data repository scanning in 204 ms. Found 1 JPA repository interface.
2026-03-04T21:59:33.972-06:00  INFO 9042 --- [           main] com.zaxxer.hikari.HikariDataSource       : HikariPool-14 - Starting...
2026-03-04T21:59:33.988-06:00  INFO 9042 --- [           main] com.zaxxer.hikari.pool.HikariPool        : HikariPool-14 - Added connection org.postgresql.jdbc.PgConnection@3d7d920b
2026-03-04T21:59:33.988-06:00  INFO 9042 --- [           main] com.zaxxer.hikari.HikariDataSource       : HikariPool-14 - Start completed.
2026-03-04T21:59:33.994-06:00  INFO 9042 --- [           main] org.flywaydb.core.FlywayExecutor         : Database: jdbc:postgresql://localhost:52020/dmartinez-dao-unit-test (PostgreSQL 17.6)
2026-03-04T21:59:34.011-06:00  INFO 9042 --- [           main] o.f.core.internal.command.DbValidate     : Successfully validated 2 migrations (execution time 00:00.007s)
2026-03-04T21:59:34.037-06:00  INFO 9042 --- [           main] o.f.core.internal.command.DbMigrate      : Current version of schema "public": 2
2026-03-04T21:59:34.038-06:00  INFO 9042 --- [           main] o.f.core.internal.command.DbMigrate      : Schema "public" is up to date. No migration necessary.
2026-03-04T21:59:34.141-06:00  INFO 9042 --- [           main] o.hibernate.jpa.internal.util.LogHelper  : HHH000204: Processing PersistenceUnitInfo [name: default]
2026-03-04T21:59:34.230-06:00  INFO 9042 --- [           main] org.hibernate.Version                    : HHH000412: Hibernate ORM core version 6.5.3.Final
2026-03-04T21:59:34.274-06:00  INFO 9042 --- [           main] o.h.c.internal.RegionFactoryInitiator    : HHH000026: Second-level cache disabled
2026-03-04T21:59:34.484-06:00  INFO 9042 --- [           main] o.s.o.j.p.SpringPersistenceUnitInfo      : No LoadTimeWeaver setup: ignoring JPA class transformer
2026-03-04T21:59:34.549-06:00  WARN 9042 --- [           main] org.hibernate.orm.deprecation            : HHH90000025: PostgreSQLDialect does not need to be specified explicitly using 'hibernate.dialect' (remove the property setting and it will be selected by default)
2026-03-04T21:59:35.358-06:00  INFO 9042 --- [           main] o.h.e.t.j.p.i.JtaPlatformInitiator       : HHH000489: No JTA platform available (set 'hibernate.transaction.jta.platform' to enable JTA platform integration)
2026-03-04T21:59:35.397-06:00  INFO 9042 --- [           main] j.LocalContainerEntityManagerFactoryBean : Initialized JPA EntityManagerFactory for persistence unit 'default'
2026-03-04T21:59:35.750-06:00  WARN 9042 --- [           main] JpaBaseConfiguration$JpaWebConfiguration : spring.jpa.open-in-view is enabled by default. Therefore, database queries may be performed during view rendering. Explicitly configure spring.jpa.open-in-view to disable this warning
2026-03-04T21:59:35.810-06:00  INFO 9042 --- [           main] c.d.customer.CustomerRepositoryTest      : Started CustomerRepositoryTest in 3.183 seconds (process running for 17.327)
Hibernate: 
    select
        nextval('customer_id_seq')
Hibernate: 
    insert 
    into
        customer
        (age, email, name, id) 
    values
        (?, ?, ?, ?)
Hibernate: 
    select
        c1_0.id 
    from
        customer c1_0 
    where
        c1_0.email=? 
    fetch
        first ? rows only
]]></system-out>
  </testcase>
  <testcase name="existsCustomerByIdFailsWhenIdNotPresent" classname="com.dmartinez.customer.CustomerRepositoryTest" time="0.008">
    <system-out><![CDATA[Hibernate: 
    select
        c1_0.id 
    from
        customer c1_0 
    where
        c1_0.id=? 
    fetch
        first ? rows only
]]></system-out>
  </testcase>
  <testcase name="existsCustomerById" classname="com.dmartinez.customer.CustomerRepositoryTest" time="0.034">
    <system-out><![CDATA[Hibernate: 
    select
        nextval('customer_id_seq')
Hibernate: 
    insert 
    into
        customer
        (age, email, name, id) 
    values
        (?, ?, ?, ?)
Hibernate: 
    select
        c1_0.id,
        c1_0.age,
        c1_0.email,
        c1_0.name 
    from
        customer c1_0
Hibernate: 
    select
        c1_0.id 
    from
        customer c1_0 
    where
        c1_0.id=? 
    fetch
        first ? rows only
]]></system-out>
  </testcase>
  <testcase name="existsCustomerByEmail" classname="com.dmartinez.customer.CustomerRepositoryTest" time="0.012">
    <system-out><![CDATA[Hibernate: 
    select
        nextval('customer_id_seq')
Hibernate: 
    insert 
    into
        customer
        (age, email, name, id) 
    values
        (?, ?, ?, ?)
Hibernate: 
    select
        c1_0.id 
    from
        customer c1_0 
    where
        c1_0.email=? 
    fetch
        first ? rows only
]]></system-out>
  </testcase>
</testsuite>